TN:
SF:src/combinators.ts
FNF:19
FNH:19
DA:1,40
DA:2,56
DA:4,32
DA:14,16
DA:15,69
DA:24,16
DA:25,70
DA:34,16
DA:35,76
DA:45,19
DA:46,27
DA:47,30
DA:48,35
DA:49,22
DA:50,60
DA:51,14
DA:52,34
DA:53,10
DA:58,23
DA:59,58
DA:60,42
DA:61,23
DA:62,2
DA:73,29
DA:74,11
DA:75,20
DA:76,28
DA:77,22
DA:78,23
DA:79,18
DA:80,16
DA:81,13
DA:82,7
DA:83,26
DA:84,40
DA:85,13
DA:86,31
DA:87,23
DA:88,64
DA:89,98
DA:90,42
DA:91,89
DA:92,60
DA:93,41
DA:94,51
DA:96,1
DA:97,9
LF:47
LH:47
end_of_record
TN:
SF:src/context.ts
FNF:1
FNH:1
DA:1,44
DA:2,39
DA:13,11
DA:14,31
DA:15,16
DA:16,92
DA:17,2
DA:18,16
LF:8
LH:8
end_of_record
TN:
SF:src/coroutine.ts
FNF:37
FNH:37
DA:1,144
DA:2,56
DA:3,102
DA:13,78
DA:14,75
DA:16,51
DA:17,24
DA:18,25
DA:19,29
DA:20,57
DA:22,36
DA:23,121
DA:25,12
DA:26,5
DA:36,29
DA:37,12
DA:38,14
DA:39,28
DA:40,21
DA:41,6
DA:42,28
DA:43,61
DA:46,106
DA:47,23
DA:48,22
DA:49,147
DA:50,42
DA:51,80
DA:58,89
DA:59,106
DA:60,5
DA:67,64
DA:68,124
DA:69,28
DA:71,82
DA:72,41
DA:75,51
DA:76,78
DA:77,76
DA:80,139
DA:83,25
DA:84,16
DA:85,28
DA:86,11
DA:87,6
DA:88,72
DA:93,96
DA:94,110
DA:95,52
DA:96,74
DA:97,40
DA:98,30
DA:99,38
DA:100,8
DA:101,146
DA:103,18
DA:104,92
DA:106,69
DA:107,97
DA:108,174
DA:109,68
DA:110,86
DA:111,82
DA:112,68
DA:113,26
DA:114,21
DA:115,17
DA:116,64
DA:117,30
DA:118,45
DA:119,27
DA:122,11
DA:123,27
DA:124,10
DA:125,49
DA:141,1
DA:143,13
DA:144,26
DA:145,24
DA:146,30
DA:147,12
DA:148,10
DA:149,72
DA:150,68
DA:151,80
DA:152,44
DA:153,113
DA:154,76
DA:155,69
DA:156,12
DA:158,33
DA:159,118
DA:160,113
DA:161,12
DA:164,33
DA:165,62
DA:166,50
DA:167,24
DA:171,6
DA:172,26
DA:173,24
DA:174,10
DA:175,109
DA:178,22
DA:179,95
DA:182,40
DA:183,128
DA:184,81
DA:187,48
DA:188,84
DA:189,66
DA:190,58
DA:194,75
DA:195,55
DA:196,18
DA:197,166
DA:198,22
DA:199,66
DA:200,94
DA:201,68
DA:202,2
DA:203,20
DA:204,95
DA:205,17
DA:206,30
DA:208,45
DA:209,52
DA:210,49
DA:211,16
DA:214,25
DA:215,82
DA:217,2
DA:219,44
DA:220,16
DA:221,37
DA:223,35
DA:224,44
DA:227,29
DA:228,132
DA:230,50
DA:231,86
DA:232,190
DA:233,30
DA:238,68
DA:239,100
DA:240,37
DA:241,116
DA:242,173
DA:243,9
DA:245,30
DA:246,61
DA:247,41
DA:248,204
DA:249,74
DA:250,20
DA:253,86
DA:254,168
DA:255,156
DA:256,162
DA:257,66
DA:258,32
DA:260,2
DA:262,49
DA:263,63
LF:164
LH:164
end_of_record
TN:
SF:src/defer.ts
FNF:1
FNH:1
DA:1,39
DA:8,13
DA:9,33
LF:3
LH:3
end_of_record
TN:
SF:src/errors.ts
FNF:4
FNH:4
DA:8,1
DA:10,53
DA:11,38
DA:12,64
DA:13,41
DA:15,2
DA:17,109
DA:18,89
DA:19,63
DA:21,2
DA:23,137
DA:24,101
DA:25,75
DA:27,2
DA:29,105
DA:30,89
DA:31,59
DA:33,1
LF:18
LH:18
end_of_record
TN:
SF:src/future.ts
FNF:8
FNH:8
DA:2,76
DA:8,1
DA:10,27
DA:11,111
DA:12,60
DA:13,53
DA:14,12
DA:17,80
DA:20,23
DA:21,47
DA:24,33
DA:25,68
DA:26,50
DA:27,50
DA:30,32
DA:31,68
DA:32,50
DA:33,48
DA:37,6
DA:38,26
DA:39,24
DA:40,10
DA:41,132
DA:43,2
DA:46,38
DA:47,45
LF:26
LH:26
end_of_record
TN:
SF:src/index.ts
FNF:1
FNH:1
DA:4,78
DA:5,36
DA:6,40
DA:7,32
DA:8,34
DA:9,32
DA:11,20
DA:12,6
DA:13,13
DA:14,10
DA:15,12
DA:16,9
DA:17,7
DA:18,8
DA:19,12
DA:20,12
DA:21,2
DA:23,107
DA:30,70
DA:50,16
LF:20
LH:20
end_of_record
TN:
SF:src/log.ts
FNF:15
FNH:15
DA:26,16
DA:27,37
DA:28,35
DA:29,35
DA:30,35
DA:31,1
DA:33,28
DA:36,62
DA:40,31
DA:41,59
DA:42,57
DA:43,57
DA:44,57
DA:45,2
DA:47,28
DA:50,17
DA:51,19
DA:55,11
DA:56,26
DA:60,21
DA:61,59
DA:62,57
DA:63,57
DA:64,57
DA:65,1
LF:25
LH:25
end_of_record
TN:
SF:src/scope.ts
FNF:2
FNH:2
DA:1,53
DA:28,38
DA:30,20
DA:31,30
DA:34,11
DA:35,25
LF:6
LH:6
end_of_record
TN:
SF:src/utils.ts
FNF:9
FNH:8
DA:1,42
DA:2,39
DA:4,13
DA:5,40
DA:7,44
DA:8,27
DA:9,33
DA:10,6
DA:11,4
DA:13,37
DA:14,52
DA:15,16
DA:16,8
DA:18,28
DA:19,26
DA:20,36
DA:23,61
DA:24,2
DA:36,18
DA:37,40
DA:38,48
DA:39,65
DA:41,44
DA:42,20
DA:43,62
DA:44,12
DA:45,18
DA:46,51
DA:47,20
DA:49,18
DA:50,51
DA:51,18
DA:53,4
DA:54,1
LF:34
LH:34
end_of_record
